[   807.540] (WW) Failed to open protocol names file lib/xorg/protocol.txt
[   807.540] 
X.Org X Server 1.20.11
X Protocol Version 11, Revision 0
[   807.540] Build Operating System: Linux Archlinux
[   807.540] Current Operating System: Linux Chico 5.12.9-arch1-1 #1 SMP PREEMPT Thu, 03 Jun 2021 11:36:13 +0000 x86_64
[   807.540] Kernel command line: BOOT_IMAGE=/boot/vmlinuz-linux root=UUID=88ac8932-456f-448e-ab03-7e0ec4f4e9f7 rw loglevel=3 quiet
[   807.540] Build Date: 13 April 2021  03:12:10PM
[   807.540]  
[   807.540] Current version of pixman: 0.40.0
[   807.540] 	Before reporting problems, check http://wiki.x.org
	to make sure that you have the latest version.
[   807.540] Markers: (--) probed, (**) from config file, (==) default setting,
	(++) from command line, (!!) notice, (II) informational,
	(WW) warning, (EE) error, (NI) not implemented, (??) unknown.
[   807.540] (==) Log file: "/home/chico/.local/share/xorg/Xorg.1.log", Time: Fri Jul  2 15:02:41 2021
[   807.540] (==) Using system config directory "/usr/share/X11/xorg.conf.d"
[   807.540] (==) No Layout section.  Using the first Screen section.
[   807.540] (==) No screen section available. Using defaults.
[   807.540] (**) |-->Screen "Default Screen Section" (0)
[   807.540] (**) |   |-->Monitor "<default monitor>"
[   807.541] (==) No monitor specified for screen "Default Screen Section".
	Using a default monitor configuration.
[   807.541] (==) Automatically adding devices
[   807.541] (==) Automatically enabling devices
[   807.541] (==) Automatically adding GPU devices
[   807.541] (==) Automatically binding GPU devices
[   807.541] (==) Max clients allowed: 256, resource mask: 0x1fffff
[   807.541] (WW) The directory "/usr/share/fonts/Type1" does not exist.
[   807.541] 	Entry deleted from font path.
[   807.541] (==) FontPath set to:
	/usr/share/fonts/misc,
	/usr/share/fonts/TTF,
	/usr/share/fonts/OTF,
	/usr/share/fonts/100dpi,
	/usr/share/fonts/75dpi
[   807.541] (==) ModulePath set to "/usr/lib/xorg/modules"
[   807.541] (II) The server relies on udev to provide the list of input devices.
	If no devices become available, reconfigure udev or disable AutoAddDevices.
[   807.541] (II) Module ABI versions:
[   807.541] 	X.Org ANSI C Emulation: 0.4
[   807.541] 	X.Org Video Driver: 24.1
[   807.541] 	X.Org XInput driver : 24.1
[   807.541] 	X.Org Server Extension : 10.0
[   807.542] (++) using VT number 2

[   807.545] (II) systemd-logind: took control of session /org/freedesktop/login1/session/_35
[   807.546] (II) xfree86: Adding drm device (/dev/dri/card0)
[   807.548] (II) systemd-logind: got fd for /dev/dri/card0 226:0 fd 10 paused 0
[   807.549] (--) PCI:*(0@0:2:0) 15ad:0405:15ad:0405 rev 0, Mem @ 0xe0000000/16777216, 0xe1400000/2097152, I/O @ 0x0000c030/16, BIOS @ 0x????????/131072
[   807.549] (WW) Open ACPI failed (/var/run/acpid.socket) (No such file or directory)
[   807.549] (II) LoadModule: "glx"
[   807.550] (II) Loading /usr/lib/xorg/modules/extensions/libglx.so
[   807.551] (II) Module glx: vendor="X.Org Foundation"
[   807.551] 	compiled for 1.20.11, module version = 1.0.0
[   807.551] 	ABI class: X.Org Server Extension, version 10.0
[   807.551] (==) Matched vmware as autoconfigured driver 0
[   807.551] (==) Matched modesetting as autoconfigured driver 1
[   807.551] (==) Matched fbdev as autoconfigured driver 2
[   807.551] (==) Matched vesa as autoconfigured driver 3
[   807.551] (==) Assigned the driver to the xf86ConfigLayout
[   807.551] (II) LoadModule: "vmware"
[   807.551] (WW) Warning, couldn't open module vmware
[   807.551] (EE) Failed to load module "vmware" (module does not exist, 0)
[   807.551] (II) LoadModule: "modesetting"
[   807.551] (II) Loading /usr/lib/xorg/modules/drivers/modesetting_drv.so
[   807.551] (II) Module modesetting: vendor="X.Org Foundation"
[   807.551] 	compiled for 1.20.11, module version = 1.20.11
[   807.551] 	Module class: X.Org Video Driver
[   807.551] 	ABI class: X.Org Video Driver, version 24.1
[   807.551] (II) LoadModule: "fbdev"
[   807.551] (WW) Warning, couldn't open module fbdev
[   807.552] (EE) Failed to load module "fbdev" (module does not exist, 0)
[   807.552] (II) LoadModule: "vesa"
[   807.552] (II) Loading /usr/lib/xorg/modules/drivers/vesa_drv.so
[   807.552] (II) Module vesa: vendor="X.Org Foundation"
[   807.552] 	compiled for 1.20.9, module version = 2.5.0
[   807.552] 	Module class: X.Org Video Driver
[   807.552] 	ABI class: X.Org Video Driver, version 24.1
[   807.552] (II) modesetting: Driver for Modesetting Kernel Drivers: kms
[   807.552] (II) VESA: driver for VESA chipsets: vesa
[   807.552] xf86EnableIOPorts: failed to set IOPL for I/O (Operation not permitted)
[   807.552] (II) modeset(0): using drv /dev/dri/card0
[   807.552] (WW) VGA arbiter: cannot open kernel arbiter, no multi-card support
[   807.552] (II) modeset(0): Creating default Display subsection in Screen section
	"Default Screen Section" for depth/fbbpp 24/32
[   807.552] (==) modeset(0): Depth 24, (==) framebuffer bpp 32
[   807.552] (==) modeset(0): RGB weight 888
[   807.552] (==) modeset(0): Default visual is TrueColor
[   807.552] (II) Loading sub module "glamoregl"
[   807.552] (II) LoadModule: "glamoregl"
[   807.552] (II) Loading /usr/lib/xorg/modules/libglamoregl.so
[   807.554] (II) Module glamoregl: vendor="X.Org Foundation"
[   807.554] 	compiled for 1.20.11, module version = 1.0.1
[   807.554] 	ABI class: X.Org ANSI C Emulation, version 0.4
[   807.593] (II) modeset(0): Refusing to try glamor on llvmpipe
[   807.594] (EE) modeset(0): glamor initialization failed
[   807.594] (II) modeset(0): ShadowFB: preferred NO, enabled NO
[   807.594] (II) modeset(0): Output Virtual-1 has no monitor section
[   807.594] (II) modeset(0): Output Virtual-2 has no monitor section
[   807.594] (II) modeset(0): Output Virtual-3 has no monitor section
[   807.594] (II) modeset(0): Output Virtual-4 has no monitor section
[   807.594] (II) modeset(0): Output Virtual-5 has no monitor section
[   807.594] (II) modeset(0): Output Virtual-6 has no monitor section
[   807.594] (II) modeset(0): Output Virtual-7 has no monitor section
[   807.594] (II) modeset(0): Output Virtual-8 has no monitor section
[   807.595] (II) modeset(0): EDID for output Virtual-1
[   807.595] (II) modeset(0): Printing probed modes for output Virtual-1
[   807.595] (II) modeset(0): Modeline "preferred"x60.0  152.77  1920 1970 2020 2070  1080 1130 1180 1230 -hsync +vsync (73.8 kHz eP)
[   807.595] (II) modeset(0): Modeline "2560x1600"x60.0  348.50  2560 2752 3032 3504  1600 1603 1609 1658 -hsync +vsync (99.5 kHz e)
[   807.595] (II) modeset(0): Modeline "1920x1440"x60.0  234.00  1920 2048 2256 2600  1440 1441 1444 1500 -hsync +vsync (90.0 kHz e)
[   807.595] (II) modeset(0): Modeline "1856x1392"x60.0  218.25  1856 1952 2176 2528  1392 1393 1396 1439 -hsync +vsync (86.3 kHz e)
[   807.595] (II) modeset(0): Modeline "1792x1344"x60.0  204.75  1792 1920 2120 2448  1344 1345 1348 1394 -hsync +vsync (83.6 kHz e)
[   807.595] (II) modeset(0): Modeline "1920x1200"x59.9  193.25  1920 2056 2256 2592  1200 1203 1209 1245 -hsync +vsync (74.6 kHz e)
[   807.595] (II) modeset(0): Modeline "1600x1200"x60.0  162.00  1600 1664 1856 2160  1200 1201 1204 1250 +hsync +vsync (75.0 kHz e)
[   807.595] (II) modeset(0): Modeline "1680x1050"x60.0  146.25  1680 1784 1960 2240  1050 1053 1059 1089 -hsync +vsync (65.3 kHz e)
[   807.595] (II) modeset(0): Modeline "1400x1050"x60.0  121.75  1400 1488 1632 1864  1050 1053 1057 1089 -hsync +vsync (65.3 kHz e)
[   807.595] (II) modeset(0): Modeline "1280x1024"x60.0  108.00  1280 1328 1440 1688  1024 1025 1028 1066 +hsync +vsync (64.0 kHz e)
[   807.595] (II) modeset(0): Modeline "1440x900"x59.9  106.50  1440 1520 1672 1904  900 903 909 934 -hsync +vsync (55.9 kHz e)
[   807.595] (II) modeset(0): Modeline "1280x960"x60.0  108.00  1280 1376 1488 1800  960 961 964 1000 +hsync +vsync (60.0 kHz e)
[   807.595] (II) modeset(0): Modeline "1360x768"x60.0   85.50  1360 1424 1536 1792  768 771 777 795 +hsync +vsync (47.7 kHz e)
[   807.595] (II) modeset(0): Modeline "1280x800"x59.8   83.50  1280 1352 1480 1680  800 803 809 831 +hsync -vsync (49.7 kHz e)
[   807.595] (II) modeset(0): Modeline "1152x864"x75.0  108.00  1152 1216 1344 1600  864 865 868 900 +hsync +vsync (67.5 kHz e)
[   807.595] (II) modeset(0): Modeline "1280x768"x59.9   79.50  1280 1344 1472 1664  768 771 778 798 -hsync +vsync (47.8 kHz e)
[   807.595] (II) modeset(0): Modeline "1024x768"x60.0   65.00  1024 1048 1184 1344  768 771 777 806 -hsync -vsync (48.4 kHz e)
[   807.595] (II) modeset(0): Modeline "800x600"x60.3   40.00  800 840 968 1056  600 601 605 628 +hsync +vsync (37.9 kHz e)
[   807.595] (II) modeset(0): Modeline "640x480"x59.9   25.18  640 656 752 800  480 489 492 525 -hsync -vsync (31.5 kHz e)
[   807.595] (II) modeset(0): EDID for output Virtual-2
[   807.595] (II) modeset(0): EDID for output Virtual-3
[   807.595] (II) modeset(0): EDID for output Virtual-4
[   807.595] (II) modeset(0): EDID for output Virtual-5
[   807.595] (II) modeset(0): EDID for output Virtual-6
[   807.595] (II) modeset(0): EDID for output Virtual-7
[   807.595] (II) modeset(0): EDID for output Virtual-8
[   807.595] (II) modeset(0): Output Virtual-1 connected
[   807.595] (II) modeset(0): Output Virtual-2 disconnected
[   807.595] (II) modeset(0): Output Virtual-3 disconnected
[   807.595] (II) modeset(0): Output Virtual-4 disconnected
[   807.595] (II) modeset(0): Output Virtual-5 disconnected
[   807.595] (II) modeset(0): Output Virtual-6 disconnected
[   807.595] (II) modeset(0): Output Virtual-7 disconnected
[   807.595] (II) modeset(0): Output Virtual-8 disconnected
[   807.595] (II) modeset(0): Using exact sizes for initial modes
[   807.595] (II) modeset(0): Output Virtual-1 using initial mode preferred +0+0
[   807.595] (==) modeset(0): Using gamma correction (1.0, 1.0, 1.0)
[   807.595] (==) modeset(0): DPI set to (96, 96)
[   807.595] (II) Loading sub module "fb"
[   807.595] (II) LoadModule: "fb"
[   807.595] (II) Loading /usr/lib/xorg/modules/libfb.so
[   807.595] (II) Module fb: vendor="X.Org Foundation"
[   807.595] 	compiled for 1.20.11, module version = 1.0.0
[   807.595] 	ABI class: X.Org ANSI C Emulation, version 0.4
[   807.595] (II) UnloadModule: "vesa"
[   807.595] (II) Unloading vesa
[   807.595] (==) modeset(0): Backing store enabled
[   807.595] (==) modeset(0): Silken mouse disabled
[   807.596] (II) modeset(0): Initializing kms color map for depth 24, 8 bpc.
[   807.596] (==) modeset(0): DPMS enabled
[   807.596] (II) Initializing extension Generic Event Extension
[   807.596] (II) Initializing extension SHAPE
[   807.596] (II) Initializing extension MIT-SHM
[   807.596] (II) Initializing extension XInputExtension
[   807.596] (II) Initializing extension XTEST
[   807.596] (II) Initializing extension BIG-REQUESTS
[   807.596] (II) Initializing extension SYNC
[   807.596] (II) Initializing extension XKEYBOARD
[   807.596] (II) Initializing extension XC-MISC
[   807.596] (II) Initializing extension SECURITY
[   807.596] (II) Initializing extension XFIXES
[   807.596] (II) Initializing extension RENDER
[   807.596] (II) Initializing extension RANDR
[   807.596] (II) Initializing extension COMPOSITE
[   807.596] (II) Initializing extension DAMAGE
[   807.596] (II) Initializing extension MIT-SCREEN-SAVER
[   807.596] (II) Initializing extension DOUBLE-BUFFER
[   807.596] (II) Initializing extension RECORD
[   807.596] (II) Initializing extension DPMS
[   807.596] (II) Initializing extension Present
[   807.596] (II) Initializing extension DRI3
[   807.596] (II) Initializing extension X-Resource
[   807.596] (II) Initializing extension XVideo
[   807.596] (II) Initializing extension XVideo-MotionCompensation
[   807.596] (II) Initializing extension GLX
[   807.596] (II) AIGLX: Screen 0 is not DRI2 capable
[   807.602] (II) IGLX: Loaded and initialized swrast
[   807.602] (II) GLX: Initialized DRISWRAST GL provider for screen 0
[   807.602] (II) Initializing extension XFree86-VidModeExtension
[   807.602] (II) Initializing extension XFree86-DGA
[   807.602] (II) Initializing extension XFree86-DRI
[   807.602] (II) Initializing extension DRI2
[   807.602] (II) modeset(0): Damage tracking initialized
[   807.602] (II) modeset(0): Setting screen physical size to 508 x 285
[   807.695] (II) config/udev: Adding input device Power Button (/dev/input/event0)
[   807.695] (**) Power Button: Applying InputClass "libinput keyboard catchall"
[   807.695] (II) LoadModule: "libinput"
[   807.695] (II) Loading /usr/lib/xorg/modules/input/libinput_drv.so
[   807.697] (II) Module libinput: vendor="X.Org Foundation"
[   807.697] 	compiled for 1.20.11, module version = 1.0.1
[   807.697] 	Module class: X.Org XInput Driver
[   807.697] 	ABI class: X.Org XInput driver, version 24.1
[   807.697] (II) Using input driver 'libinput' for 'Power Button'
[   807.698] (II) systemd-logind: got fd for /dev/input/event0 13:64 fd 13 paused 0
[   807.698] (**) Power Button: always reports core events
[   807.698] (**) Option "Device" "/dev/input/event0"
[   807.698] (**) Option "_source" "server/udev"
[   807.702] (II) event0  - Power Button: is tagged by udev as: Keyboard
[   807.702] (II) event0  - Power Button: device is a keyboard
[   807.702] (II) event0  - Power Button: device removed
[   807.702] (**) Option "config_info" "udev:/sys/devices/LNXSYSTM:00/LNXPWRBN:00/input/input0/event0"
[   807.702] (II) XINPUT: Adding extended input device "Power Button" (type: KEYBOARD, id 6)
[   807.703] (II) event0  - Power Button: is tagged by udev as: Keyboard
[   807.703] (II) event0  - Power Button: device is a keyboard
[   807.703] (II) config/udev: Adding input device Sleep Button (/dev/input/event1)
[   807.703] (**) Sleep Button: Applying InputClass "libinput keyboard catchall"
[   807.703] (II) Using input driver 'libinput' for 'Sleep Button'
[   807.705] (II) systemd-logind: got fd for /dev/input/event1 13:65 fd 16 paused 0
[   807.705] (**) Sleep Button: always reports core events
[   807.705] (**) Option "Device" "/dev/input/event1"
[   807.705] (**) Option "_source" "server/udev"
[   807.705] (II) event1  - Sleep Button: is tagged by udev as: Keyboard
[   807.706] (II) event1  - Sleep Button: device is a keyboard
[   807.706] (II) event1  - Sleep Button: device removed
[   807.706] (**) Option "config_info" "udev:/sys/devices/LNXSYSTM:00/LNXSLPBN:00/input/input1/event1"
[   807.706] (II) XINPUT: Adding extended input device "Sleep Button" (type: KEYBOARD, id 7)
[   807.707] (II) event1  - Sleep Button: is tagged by udev as: Keyboard
[   807.707] (II) event1  - Sleep Button: device is a keyboard
[   807.707] (II) config/udev: Adding input device Video Bus (/dev/input/event4)
[   807.707] (**) Video Bus: Applying InputClass "libinput keyboard catchall"
[   807.707] (II) Using input driver 'libinput' for 'Video Bus'
[   807.709] (II) systemd-logind: got fd for /dev/input/event4 13:68 fd 17 paused 0
[   807.709] (**) Video Bus: always reports core events
[   807.709] (**) Option "Device" "/dev/input/event4"
[   807.709] (**) Option "_source" "server/udev"
[   807.711] (II) event4  - Video Bus: is tagged by udev as: Keyboard
[   807.711] (II) event4  - Video Bus: device is a keyboard
[   807.711] (II) event4  - Video Bus: device removed
[   807.711] (**) Option "config_info" "udev:/sys/devices/LNXSYSTM:00/LNXSYBUS:00/PNP0A03:00/LNXVIDEO:00/input/input5/event4"
[   807.711] (II) XINPUT: Adding extended input device "Video Bus" (type: KEYBOARD, id 8)
[   807.712] (II) event4  - Video Bus: is tagged by udev as: Keyboard
[   807.712] (II) event4  - Video Bus: device is a keyboard
[   807.713] (II) config/udev: Adding input device VirtualBox mouse integration (/dev/input/event6)
[   807.713] (**) VirtualBox mouse integration: Applying InputClass "libinput pointer catchall"
[   807.713] (II) Using input driver 'libinput' for 'VirtualBox mouse integration'
[   807.714] (II) systemd-logind: got fd for /dev/input/event6 13:70 fd 18 paused 0
[   807.714] (**) VirtualBox mouse integration: always reports core events
[   807.714] (**) Option "Device" "/dev/input/event6"
[   807.714] (**) Option "_source" "server/udev"
[   807.715] (II) event6  - VirtualBox mouse integration: is tagged by udev as: Mouse
[   807.715] (II) event6  - VirtualBox mouse integration: device is a pointer
[   807.715] (II) event6  - VirtualBox mouse integration: device removed
[   807.715] (**) Option "config_info" "udev:/sys/devices/pci0000:00/0000:00:04.0/input/input7/event6"
[   807.715] (II) XINPUT: Adding extended input device "VirtualBox mouse integration" (type: MOUSE, id 9)
[   807.716] (**) Option "AccelerationScheme" "none"
[   807.716] (**) VirtualBox mouse integration: (accel) selected scheme none/0
[   807.716] (**) VirtualBox mouse integration: (accel) acceleration factor: 2.000
[   807.716] (**) VirtualBox mouse integration: (accel) acceleration threshold: 4
[   807.716] (II) event6  - VirtualBox mouse integration: is tagged by udev as: Mouse
[   807.717] (II) event6  - VirtualBox mouse integration: device is a pointer
[   807.717] (II) config/udev: Adding input device VirtualBox mouse integration (/dev/input/js1)
[   807.717] (II) No input driver specified, ignoring this device.
[   807.717] (II) This device may have been added with another device file.
[   807.718] (II) config/udev: Adding input device VirtualBox mouse integration (/dev/input/mouse1)
[   807.718] (II) No input driver specified, ignoring this device.
[   807.718] (II) This device may have been added with another device file.
[   807.718] (II) config/udev: Adding input device HDA Intel Line (/dev/input/event9)
[   807.718] (II) No input driver specified, ignoring this device.
[   807.718] (II) This device may have been added with another device file.
[   807.718] (II) config/udev: Adding input device HDA Intel Speaker Front (/dev/input/event10)
[   807.718] (II) No input driver specified, ignoring this device.
[   807.718] (II) This device may have been added with another device file.
[   807.719] (II) config/udev: Adding input device HDA Intel Speaker CLFE (/dev/input/event11)
[   807.719] (II) No input driver specified, ignoring this device.
[   807.719] (II) This device may have been added with another device file.
[   807.719] (II) config/udev: Adding input device HDA Intel Front Headphone (/dev/input/event12)
[   807.719] (II) No input driver specified, ignoring this device.
[   807.719] (II) This device may have been added with another device file.
[   807.719] (II) config/udev: Adding input device HDA Intel SPDIF In (/dev/input/event13)
[   807.719] (II) No input driver specified, ignoring this device.
[   807.719] (II) This device may have been added with another device file.
[   807.720] (II) config/udev: Adding input device HDA Intel Mic (/dev/input/event8)
[   807.720] (II) No input driver specified, ignoring this device.
[   807.720] (II) This device may have been added with another device file.
[   807.721] (II) config/udev: Adding input device VirtualBox USB Tablet (/dev/input/event3)
[   807.721] (**) VirtualBox USB Tablet: Applying InputClass "libinput pointer catchall"
[   807.721] (II) Using input driver 'libinput' for 'VirtualBox USB Tablet'
[   807.778] (II) systemd-logind: got fd for /dev/input/event3 13:67 fd 19 paused 0
[   807.778] (**) VirtualBox USB Tablet: always reports core events
[   807.778] (**) Option "Device" "/dev/input/event3"
[   807.778] (**) Option "_source" "server/udev"
[   807.779] (II) event3  - VirtualBox USB Tablet: is tagged by udev as: Mouse
[   807.780] (II) event3  - VirtualBox USB Tablet: device is a pointer
[   807.780] (II) event3  - VirtualBox USB Tablet: device removed
[   807.780] (**) Option "config_info" "udev:/sys/devices/pci0000:00/0000:00:06.0/usb1/1-1/1-1:1.0/0003:80EE:0021.0001/input/input4/event3"
[   807.780] (II) XINPUT: Adding extended input device "VirtualBox USB Tablet" (type: MOUSE, id 10)
[   807.780] (**) Option "AccelerationScheme" "none"
[   807.780] (**) VirtualBox USB Tablet: (accel) selected scheme none/0
[   807.780] (**) VirtualBox USB Tablet: (accel) acceleration factor: 2.000
[   807.780] (**) VirtualBox USB Tablet: (accel) acceleration threshold: 4
[   807.781] (II) event3  - VirtualBox USB Tablet: is tagged by udev as: Mouse
[   807.781] (II) event3  - VirtualBox USB Tablet: device is a pointer
[   807.782] (II) config/udev: Adding input device VirtualBox USB Tablet (/dev/input/js0)
[   807.782] (II) No input driver specified, ignoring this device.
[   807.782] (II) This device may have been added with another device file.
[   807.783] (II) config/udev: Adding input device VirtualBox USB Tablet (/dev/input/mouse0)
[   807.783] (II) No input driver specified, ignoring this device.
[   807.783] (II) This device may have been added with another device file.
[   807.784] (II) config/udev: Adding input device AT Translated Set 2 keyboard (/dev/input/event2)
[   807.784] (**) AT Translated Set 2 keyboard: Applying InputClass "libinput keyboard catchall"
[   807.784] (II) Using input driver 'libinput' for 'AT Translated Set 2 keyboard'
[   807.785] (II) systemd-logind: got fd for /dev/input/event2 13:66 fd 20 paused 0
[   807.785] (**) AT Translated Set 2 keyboard: always reports core events
[   807.785] (**) Option "Device" "/dev/input/event2"
[   807.785] (**) Option "_source" "server/udev"
[   807.786] (II) event2  - AT Translated Set 2 keyboard: is tagged by udev as: Keyboard
[   807.786] (II) event2  - AT Translated Set 2 keyboard: device is a keyboard
[   807.787] (II) event2  - AT Translated Set 2 keyboard: device removed
[   807.787] (**) Option "config_info" "udev:/sys/devices/platform/i8042/serio0/input/input2/event2"
[   807.787] (II) XINPUT: Adding extended input device "AT Translated Set 2 keyboard" (type: KEYBOARD, id 11)
[   807.788] (II) event2  - AT Translated Set 2 keyboard: is tagged by udev as: Keyboard
[   807.788] (II) event2  - AT Translated Set 2 keyboard: device is a keyboard
[   807.789] (II) config/udev: Adding input device ImExPS/2 Generic Explorer Mouse (/dev/input/event7)
[   807.789] (**) ImExPS/2 Generic Explorer Mouse: Applying InputClass "libinput pointer catchall"
[   807.789] (II) Using input driver 'libinput' for 'ImExPS/2 Generic Explorer Mouse'
[   807.790] (II) systemd-logind: got fd for /dev/input/event7 13:71 fd 21 paused 0
[   807.790] (**) ImExPS/2 Generic Explorer Mouse: always reports core events
[   807.790] (**) Option "Device" "/dev/input/event7"
[   807.790] (**) Option "_source" "server/udev"
[   807.791] (II) event7  - ImExPS/2 Generic Explorer Mouse: is tagged by udev as: Mouse
[   807.791] (II) event7  - ImExPS/2 Generic Explorer Mouse: device is a pointer
[   807.792] (II) event7  - ImExPS/2 Generic Explorer Mouse: device removed
[   807.792] (**) Option "config_info" "udev:/sys/devices/platform/i8042/serio1/input/input8/event7"
[   807.792] (II) XINPUT: Adding extended input device "ImExPS/2 Generic Explorer Mouse" (type: MOUSE, id 12)
[   807.792] (**) Option "AccelerationScheme" "none"
[   807.792] (**) ImExPS/2 Generic Explorer Mouse: (accel) selected scheme none/0
[   807.792] (**) ImExPS/2 Generic Explorer Mouse: (accel) acceleration factor: 2.000
[   807.792] (**) ImExPS/2 Generic Explorer Mouse: (accel) acceleration threshold: 4
[   807.793] (II) event7  - ImExPS/2 Generic Explorer Mouse: is tagged by udev as: Mouse
[   807.793] (II) event7  - ImExPS/2 Generic Explorer Mouse: device is a pointer
[   807.794] (II) config/udev: Adding input device ImExPS/2 Generic Explorer Mouse (/dev/input/mouse2)
[   807.794] (II) No input driver specified, ignoring this device.
[   807.794] (II) This device may have been added with another device file.
[   807.794] (II) config/udev: Adding input device PC Speaker (/dev/input/event5)
[   807.794] (II) No input driver specified, ignoring this device.
[   807.794] (II) This device may have been added with another device file.
[   845.638] (**) Option "fd" "13"
[   845.638] (II) event0  - Power Button: device removed
[   845.638] (**) Option "fd" "16"
[   845.638] (II) event1  - Sleep Button: device removed
[   845.638] (**) Option "fd" "17"
[   845.638] (II) event4  - Video Bus: device removed
[   845.638] (**) Option "fd" "18"
[   845.638] (II) event6  - VirtualBox mouse integration: device removed
[   845.638] (**) Option "fd" "19"
[   845.638] (II) event3  - VirtualBox USB Tablet: device removed
[   845.638] (**) Option "fd" "20"
[   845.638] (II) event2  - AT Translated Set 2 keyboard: device removed
[   845.638] (**) Option "fd" "21"
[   845.638] (II) event7  - ImExPS/2 Generic Explorer Mouse: device removed
[   845.639] (II) UnloadModule: "libinput"
[   845.639] (II) systemd-logind: releasing fd for 13:71
[   845.763] (II) UnloadModule: "libinput"
[   845.763] (II) systemd-logind: releasing fd for 13:66
[   845.766] (II) UnloadModule: "libinput"
[   845.766] (II) systemd-logind: releasing fd for 13:67
[   845.804] (II) UnloadModule: "libinput"
[   845.804] (II) systemd-logind: releasing fd for 13:70
[   845.824] (II) UnloadModule: "libinput"
[   845.824] (II) systemd-logind: releasing fd for 13:68
[   845.843] (II) UnloadModule: "libinput"
[   845.843] (II) systemd-logind: releasing fd for 13:65
[   845.854] (II) UnloadModule: "libinput"
[   845.854] (II) systemd-logind: releasing fd for 13:64
[   845.868] (WW) xf86CloseConsole: KDSETMODE failed: Input/output error
[   845.868] (WW) xf86CloseConsole: VT_GETMODE failed: Input/output error
[   845.868] (WW) xf86CloseConsole: VT_ACTIVATE failed: Input/output error
[   845.870] (II) Server terminated successfully (0). Closing log file.
